<?xml version="1.0" encoding="UTF-8"?>
<!-- Generated by org.testng.reporters.JUnitXMLReporter -->
<testsuite ignored="0" hostname="LAPTOP-KG4G2VU7" failures="0" tests="2" name="Default test" time="7.97" errors="0" timestamp="2024-01-11T15:59:46 IST">
  <testcase classname="TestCases.AutomationTestCases_saucedemo" name="VerifyLoginWithValidData" time="0.428"/>
  <testcase classname="TestCases.AutomationTestCases_saucedemo" name="VerifyLoginWithInValidData" time="0.364"/>
</testsuite> <!-- Default test -->
