<?xml version="1.0" encoding="UTF-8"?>
<!-- Generated by org.testng.reporters.JUnitXMLReporter -->
<testsuite ignored="2" hostname="LAPTOP-KG4G2VU7" failures="1" tests="1" name="Test" time="6.936" errors="0" timestamp="2024-01-11T17:57:43 IST">
  <testcase classname="TestCases.SauceDemoAutomationTestCases" name="VerifyLoginPage" time="0.056">
    <failure type="java.lang.NullPointerException" message="Cannot invoke &amp;quot;PageFile.ReUseableMethods.innerTextTrue(org.openqa.selenium.WebElement, String)&amp;quot; because &amp;quot;this.Rm&amp;quot; is null">
      <![CDATA[java.lang.NullPointerException: Cannot invoke "PageFile.ReUseableMethods.innerTextTrue(org.openqa.selenium.WebElement, String)" because "this.Rm" is null
at TestCases.SauceDemoAutomationTestCases.VerifyLoginPage(SauceDemoAutomationTestCases.java:66)
at java.base/java.util.ArrayList.forEach(ArrayList.java:1511)
... Removed 25 stack frames]]>
    </failure>
  </testcase> <!-- VerifyLoginPage -->
  <testcase classname="TestCases.SauceDemoAutomationTestCases" name="VerifyLoginWithInValidData" time="0.0">
    <ignored/>
  </testcase> <!-- VerifyLoginWithInValidData -->
  <testcase classname="TestCases.SauceDemoAutomationTestCases" name="VerifyLoginWithValidData" time="0.0">
    <ignored/>
  </testcase> <!-- VerifyLoginWithValidData -->
</testsuite> <!-- Test -->
