<?xml version="1.0" encoding="UTF-8"?>
<testng-results ignored="0" total="1" passed="1" failed="0" skipped="0">
  <reporter-output>
  </reporter-output>
  <suite started-at="2024-01-15T00:19:29 IST" name="Default suite" finished-at="2024-01-15T00:19:33 IST" duration-ms="3646">
    <groups>
    </groups>
    <test started-at="2024-01-15T00:19:29 IST" name="Default test" finished-at="2024-01-15T00:19:33 IST" duration-ms="3646">
      <class name="TestCases.Trails2">
        <test-method is-config="true" signature="setUpofBrowser()[pri:0, instance:TestCases.Trails2@139982de]" started-at="2024-01-15T00:19:29 IST" name="setUpofBrowser" finished-at="2024-01-15T00:19:32 IST" duration-ms="2804" status="PASS">
          <reporter-output>
          </reporter-output>
        </test-method> <!-- setUpofBrowser -->
        <test-method signature="CheckOutInformationPage()[pri:0, instance:TestCases.Trails2@139982de]" started-at="2024-01-15T00:19:32 IST" name="CheckOutInformationPage" finished-at="2024-01-15T00:19:33 IST" duration-ms="809" status="PASS">
          <reporter-output>
          </reporter-output>
        </test-method> <!-- CheckOutInformationPage -->
        <test-method is-config="true" signature="tearDown()[pri:0, instance:TestCases.Trails2@139982de]" started-at="2024-01-15T00:19:33 IST" name="tearDown" finished-at="2024-01-15T00:19:33 IST" duration-ms="1" status="PASS">
          <reporter-output>
          </reporter-output>
        </test-method> <!-- tearDown -->
      </class> <!-- TestCases.Trails2 -->
    </test> <!-- Default test -->
  </suite> <!-- Default suite -->
</testng-results>
